Using pre-set license
Built from '2020.3/staging' branch; Version is '2020.3.26f1 (7298b473bc1a) revision 7510196'; Using compiler version '192528614'; Build Type 'Release'
OS: 'Windows 10  (10.0.19043) 64bit Professional' Language: 'ko' Physical Memory: 16294 MB
BatchMode: 1, IsHumanControllingUs: 0, StartBugReporterOnCrash: 0, Is64bit: 1, IsPro: 0

COMMAND LINE ARGUMENTS:
C:\Program Files\Unity\Hub\Editor\2020.3.26f1\Editor\Unity.exe
-adb2
-batchMode
-noUpm
-name
AssetImportWorker0
-projectPath
C:/Users/ksc52/Unity_FPS/FPS
-logFile
Logs/AssetImportWorker0.log
-srvPort
52775
Successfully changed project path to: C:/Users/ksc52/Unity_FPS/FPS
C:/Users/ksc52/Unity_FPS/FPS
Using Asset Import Pipeline V2.
Refreshing native plugins compatible for Editor in 101.79 ms, found 2 plugins.
Preloading 0 native plugins for Editor in 0.00 ms.
Initialize engine version: 2020.3.26f1 (7298b473bc1a)
[Subsystems] Discovering subsystems at path C:/Program Files/Unity/Hub/Editor/2020.3.26f1/Editor/Data/Resources/UnitySubsystems
[Subsystems] Discovering subsystems at path C:/Users/ksc52/Unity_FPS/FPS/Assets
GfxDevice: creating device client; threaded=0
Direct3D:
    Version:  Direct3D 11.0 [level 11.1]
    Renderer: NVIDIA GeForce GTX 1660 (ID=0x2184)
    Vendor:   
    VRAM:     5991 MB
    Driver:   30.0.15.1215
Initialize mono
Mono path[0] = 'C:/Program Files/Unity/Hub/Editor/2020.3.26f1/Editor/Data/Managed'
Mono path[1] = 'C:/Program Files/Unity/Hub/Editor/2020.3.26f1/Editor/Data/MonoBleedingEdge/lib/mono/unityjit'
Mono config path = 'C:/Program Files/Unity/Hub/Editor/2020.3.26f1/Editor/Data/MonoBleedingEdge/etc'
Using monoOptions --debugger-agent=transport=dt_socket,embedding=1,server=y,suspend=n,address=127.0.0.1:56368
Begin MonoManager ReloadAssembly
Registering precompiled unity dll's ...
Register platform support module: C:/Program Files/Unity/Hub/Editor/2020.3.26f1/Editor/Data/PlaybackEngines/WindowsStandaloneSupport/UnityEditor.WindowsStandalone.Extensions.dll
Registered in 0.079032 seconds.
Native extension for WindowsStandalone target not found
Refreshing native plugins compatible for Editor in 34.08 ms, found 2 plugins.
Preloading 0 native plugins for Editor in 0.00 ms.
Mono: successfully reloaded assembly
- Completed reload, in  2.154 seconds
Domain Reload Profiling:
	ReloadAssembly (2154ms)
		BeginReloadAssembly (1487ms)
			ExecutionOrderSort (0ms)
			DisableScriptedObjects (0ms)
			BackupInstance (0ms)
			ReleaseScriptingObjects (0ms)
			CreateAndSetChildDomain (1ms)
		EndReloadAssembly (481ms)
			LoadAssemblies (1486ms)
			RebuildTransferFunctionScriptingTraits (0ms)
			SetupTypeCache (256ms)
			ReleaseScriptCaches (0ms)
			RebuildScriptCaches (21ms)
			SetupLoadedEditorAssemblies (122ms)
				LogAssemblyErrors (0ms)
				InitializePlatformSupportModulesInManaged (3ms)
				SetLoadedEditorAssemblies (0ms)
				RefreshPlugins (34ms)
				BeforeProcessingInitializeOnLoad (10ms)
				ProcessInitializeOnLoadAttributes (54ms)
				ProcessInitializeOnLoadMethodAttributes (20ms)
				AfterProcessingInitializeOnLoad (0ms)
				EditorAssembliesLoaded (0ms)
			ExecutionOrderSort2 (0ms)
			AwakeInstancesAfterBackupRestoration (0ms)
Platform modules already initialized, skipping
Registering precompiled user dll's ...
Registered in 0.564868 seconds.
Begin MonoManager ReloadAssembly
Native extension for WindowsStandalone target not found
Refreshing native plugins compatible for Editor in 33.46 ms, found 2 plugins.
Preloading 0 native plugins for Editor in 0.00 ms.
Mono: successfully reloaded assembly
- Completed reload, in  3.643 seconds
Domain Reload Profiling:
	ReloadAssembly (3646ms)
		BeginReloadAssembly (96ms)
			ExecutionOrderSort (0ms)
			DisableScriptedObjects (3ms)
			BackupInstance (0ms)
			ReleaseScriptingObjects (0ms)
			CreateAndSetChildDomain (14ms)
		EndReloadAssembly (3501ms)
			LoadAssemblies (1355ms)
			RebuildTransferFunctionScriptingTraits (0ms)
			SetupTypeCache (591ms)
			ReleaseScriptCaches (0ms)
			RebuildScriptCaches (35ms)
			SetupLoadedEditorAssemblies (1445ms)
				LogAssemblyErrors (0ms)
				InitializePlatformSupportModulesInManaged (3ms)
				SetLoadedEditorAssemblies (0ms)
				RefreshPlugins (34ms)
				BeforeProcessingInitializeOnLoad (60ms)
				ProcessInitializeOnLoadAttributes (933ms)
				ProcessInitializeOnLoadMethodAttributes (410ms)
				AfterProcessingInitializeOnLoad (5ms)
				EditorAssembliesLoaded (0ms)
			ExecutionOrderSort2 (0ms)
			AwakeInstancesAfterBackupRestoration (4ms)
Platform modules already initialized, skipping
========================================================================
Worker process is ready to serve import requests
Launched and connected shader compiler UnityShaderCompiler.exe after 0.06 seconds
Refreshing native plugins compatible for Editor in 0.58 ms, found 2 plugins.
Preloading 0 native plugins for Editor in 0.00 ms.
Unloading 2444 Unused Serialized files (Serialized files now loaded: 0)
System memory in use before: 117.3 MB.
System memory in use after: 117.5 MB.

Unloading 35 unused Assets to reduce memory usage. Loaded Objects now: 2879.
Total: 2.607900 ms (FindLiveObjects: 0.161900 ms CreateObjectMapping: 0.058700 ms MarkObjects: 2.339100 ms  DeleteObjects: 0.047700 ms)

AssetImportParameters requested are different than current active one (requested -> active):
  custom:framework-win-MediaFoundation: 216162199b28c13a410421893ffa2e32 -> 
  custom:video-decoder-ogg-theora: a1e56fd34408186e4bbccfd4996cb3dc -> 
  custom:container-muxer-webm: aa71ff27fc2769a1b78a27578f13a17b -> 
  custom:container-demuxer-webm: 4f35f7cbe854078d1ac9338744f61a02 -> 
  custom:container-demuxer-ogg: 62fdf1f143b41e24485cea50d1cbac27 -> 
  custom:video-encoder-webm-vp8: eb34c28f22e8b96e1ab97ce403110664 -> 
  custom:video-decoder-webm-vp8: 9c59270c3fd7afecdb556c50c9e8de78 -> 
  custom:audio-decoder-ogg-vorbis: bf7c407c2cedff20999df2af8eb42d56 -> 
  custom:audio-encoder-webm-vorbis: bf7c407c2cedff20999df2af8eb42d56 -> 
========================================================================
Received Import Request.
  path: Assets/ExternalAssets/Low Poly FPS Pack - Free (Sample)/Demo_Scenes
  artifactKey: Guid(37fcb475fbef81140a96e5215fb1653e) Importer(815301076,1909f56bfc062723c751e8b465ee728b)
Start importing Assets/ExternalAssets/Low Poly FPS Pack - Free (Sample)/Demo_Scenes using Guid(37fcb475fbef81140a96e5215fb1653e) Importer(815301076,1909f56bfc062723c751e8b465ee728b)  -> (artifact id: 'acdc233abffe08c86945a11107b5aff4') in 0.006725 seconds 
  Import took 0.009345 seconds .

========================================================================
Received Import Request.
  Time since last request: 0.671644 seconds.
  path: Assets/ExternalAssets/Low Poly FPS Pack - Free (Sample)/Components/Demo_Scene_Components/Meshes
  artifactKey: Guid(6939cab780c75b149b7968a788fdbd21) Importer(815301076,1909f56bfc062723c751e8b465ee728b)
Start importing Assets/ExternalAssets/Low Poly FPS Pack - Free (Sample)/Components/Demo_Scene_Components/Meshes using Guid(6939cab780c75b149b7968a788fdbd21) Importer(815301076,1909f56bfc062723c751e8b465ee728b)  -> (artifact id: '44ba594ee977a50e348352feb68303cf') in 0.004955 seconds 
  Import took 0.007761 seconds .

========================================================================
Received Import Request.
  Time since last request: 220.250678 seconds.
  path: Assets/Prefabs/DestructibleBarrel.prefab
  artifactKey: Guid(82a4c35dd1e3d0d47b860a909c5416d1) Importer(815301076,1909f56bfc062723c751e8b465ee728b)
Start importing Assets/Prefabs/DestructibleBarrel.prefab using Guid(82a4c35dd1e3d0d47b860a909c5416d1) Importer(815301076,1909f56bfc062723c751e8b465ee728b)  -> (artifact id: '9a486dbd82f7e524bbba41fda4407c2c') in 0.084524 seconds 
  Import took 0.087963 seconds .

========================================================================
Received Import Request.
  Time since last request: 204.079194 seconds.
  path: Assets/Prefabs/DestructibleBarrel.prefab
  artifactKey: Guid(82a4c35dd1e3d0d47b860a909c5416d1) Importer(815301076,1909f56bfc062723c751e8b465ee728b)
Start importing Assets/Prefabs/DestructibleBarrel.prefab using Guid(82a4c35dd1e3d0d47b860a909c5416d1) Importer(815301076,1909f56bfc062723c751e8b465ee728b)  -> (artifact id: '6d14d03da415950f9767390252eb60fa') in 0.008389 seconds 
  Import took 0.011777 seconds .

========================================================================
Received Import Request.
  Time since last request: 136.065075 seconds.
  path: Assets/ExternalAssets/Low Poly FPS Pack - Free (Sample)/Components/Demo_Scene_Components/Scripts
  artifactKey: Guid(dfae59ccd3417494883c62718eb25589) Importer(815301076,1909f56bfc062723c751e8b465ee728b)
Start importing Assets/ExternalAssets/Low Poly FPS Pack - Free (Sample)/Components/Demo_Scene_Components/Scripts using Guid(dfae59ccd3417494883c62718eb25589) Importer(815301076,1909f56bfc062723c751e8b465ee728b)  -> (artifact id: '463c2c60ff259183c4961a369f574ca2') in 0.005071 seconds 
  Import took 0.007977 seconds .

========================================================================
Received Import Request.
  Time since last request: 433.418725 seconds.
  path: Assets/Prefabs/DestructibleBarrelPieces.prefab
  artifactKey: Guid(28d1875a7fe721a4394d263de051aa26) Importer(815301076,1909f56bfc062723c751e8b465ee728b)
Start importing Assets/Prefabs/DestructibleBarrelPieces.prefab using Guid(28d1875a7fe721a4394d263de051aa26) Importer(815301076,1909f56bfc062723c751e8b465ee728b)  -> (artifact id: 'e13b256e276b450107f05a3f1f0da3a1') in 0.013486 seconds 
  Import took 0.017070 seconds .

========================================================================
Received Import Request.
  Time since last request: 260.889302 seconds.
  path: Assets/Scripts/DestructibleBarrel.cs
  artifactKey: Guid(8da564406838e9d4fa05eb26f45a8fa8) Importer(815301076,1909f56bfc062723c751e8b465ee728b)
Start importing Assets/Scripts/DestructibleBarrel.cs using Guid(8da564406838e9d4fa05eb26f45a8fa8) Importer(815301076,1909f56bfc062723c751e8b465ee728b)  -> (artifact id: '8d5454f418c307196c22c377b95a208b') in 0.027273 seconds 
  Import took 0.030448 seconds .

========================================================================
Received Import Request.
  Time since last request: 177.183560 seconds.
  path: Assets/Scripts/DestructibleBarrel.cs
  artifactKey: Guid(8da564406838e9d4fa05eb26f45a8fa8) Importer(815301076,1909f56bfc062723c751e8b465ee728b)
Start importing Assets/Scripts/DestructibleBarrel.cs using Guid(8da564406838e9d4fa05eb26f45a8fa8) Importer(815301076,1909f56bfc062723c751e8b465ee728b)  -> (artifact id: 'ca58e4220e37ecaee7e47ae4eabbfb7c') in 0.002643 seconds 
  Import took 0.006154 seconds .

========================================================================
Received Prepare
Registering precompiled user dll's ...
Registered in 0.007014 seconds.
Begin MonoManager ReloadAssembly
Native extension for WindowsStandalone target not found
Refreshing native plugins compatible for Editor in 0.59 ms, found 2 plugins.
Preloading 0 native plugins for Editor in 0.00 ms.
Mono: successfully reloaded assembly
- Completed reload, in  0.828 seconds
Domain Reload Profiling:
	ReloadAssembly (828ms)
		BeginReloadAssembly (108ms)
			ExecutionOrderSort (0ms)
			DisableScriptedObjects (4ms)
			BackupInstance (0ms)
			ReleaseScriptingObjects (0ms)
			CreateAndSetChildDomain (33ms)
		EndReloadAssembly (679ms)
			LoadAssemblies (72ms)
			RebuildTransferFunctionScriptingTraits (0ms)
			SetupTypeCache (181ms)
			ReleaseScriptCaches (1ms)
			RebuildScriptCaches (28ms)
			SetupLoadedEditorAssemblies (336ms)
				LogAssemblyErrors (0ms)
				InitializePlatformSupportModulesInManaged (3ms)
				SetLoadedEditorAssemblies (0ms)
				RefreshPlugins (1ms)
				BeforeProcessingInitializeOnLoad (64ms)
				ProcessInitializeOnLoadAttributes (253ms)
				ProcessInitializeOnLoadMethodAttributes (8ms)
				AfterProcessingInitializeOnLoad (6ms)
				EditorAssembliesLoaded (0ms)
			ExecutionOrderSort2 (0ms)
			AwakeInstancesAfterBackupRestoration (4ms)
Platform modules already initialized, skipping
Refreshing native plugins compatible for Editor in 0.58 ms, found 2 plugins.
Preloading 0 native plugins for Editor in 0.00 ms.
Unloading 2399 Unused Serialized files (Serialized files now loaded: 0)
System memory in use before: 116.5 MB.
System memory in use after: 116.7 MB.

Unloading 24 unused Assets to reduce memory usage. Loaded Objects now: 2889.
Total: 2.634700 ms (FindLiveObjects: 0.143900 ms CreateObjectMapping: 0.057700 ms MarkObjects: 2.419700 ms  DeleteObjects: 0.012800 ms)

AssetImportParameters requested are different than current active one (requested -> active):
  custom:framework-win-MediaFoundation: 216162199b28c13a410421893ffa2e32 -> 
  custom:video-decoder-ogg-theora: a1e56fd34408186e4bbccfd4996cb3dc -> 
  custom:container-muxer-webm: aa71ff27fc2769a1b78a27578f13a17b -> 
  custom:container-demuxer-webm: 4f35f7cbe854078d1ac9338744f61a02 -> 
  custom:container-demuxer-ogg: 62fdf1f143b41e24485cea50d1cbac27 -> 
  custom:video-encoder-webm-vp8: eb34c28f22e8b96e1ab97ce403110664 -> 
  custom:video-decoder-webm-vp8: 9c59270c3fd7afecdb556c50c9e8de78 -> 
  custom:audio-decoder-ogg-vorbis: bf7c407c2cedff20999df2af8eb42d56 -> 
  custom:audio-encoder-webm-vorbis: bf7c407c2cedff20999df2af8eb42d56 -> 
========================================================================
Received Import Request.
  Time since last request: 91.510039 seconds.
  path: Assets/Prefabs/DestructibleBarrel.prefab
  artifactKey: Guid(82a4c35dd1e3d0d47b860a909c5416d1) Importer(815301076,1909f56bfc062723c751e8b465ee728b)
Start importing Assets/Prefabs/DestructibleBarrel.prefab using Guid(82a4c35dd1e3d0d47b860a909c5416d1) Importer(815301076,1909f56bfc062723c751e8b465ee728b)  -> (artifact id: 'a17d3bee3c5c248d4b1ab397a86b3e75') in 0.050834 seconds 
  Import took 0.054140 seconds .

AssetImportWorkerClient::OnTransportError - code=2 error=End of file
